This is pdfTeX, Version 3.1415926-2.5-1.40.14 (TeX Live 2013/Debian) (format=pdflatex 2015.6.10)  30 JUL 2015 15:51
entering extended mode
 restricted \write18 enabled.
 %&-line parsing enabled.
**thesis.tex
(./thesis.tex
LaTeX2e <2011/06/27>
Babel <3.9h> and hyphenation patterns for 2 languages loaded.
(/usr/share/texlive/texmf-dist/tex/latex/base/report.cls
Document Class: report 2007/10/19 v1.4h Standard LaTeX document class
(/usr/share/texlive/texmf-dist/tex/latex/base/size12.clo
File: size12.clo 2007/10/19 v1.4h Standard LaTeX file (size option)
)
\c@part=\count79
\c@chapter=\count80
\c@section=\count81
\c@subsection=\count82
\c@subsubsection=\count83
\c@paragraph=\count84
\c@subparagraph=\count85
\c@figure=\count86
\c@table=\count87
\abovecaptionskip=\skip41
\belowcaptionskip=\skip42
\bibindent=\dimen102
)
(/usr/share/texlive/texmf-dist/tex/latex/subfigure/subfigure.sty
Package: subfigure 2002/03/15 v2.1.5 subfigure package
\subfigtopskip=\skip43
\subfigcapskip=\skip44
\subfigcaptopadj=\dimen103
\subfigbottomskip=\skip45
\subfigcapmargin=\dimen104
\subfiglabelskip=\skip46
\c@subfigure=\count88
\c@lofdepth=\count89
\c@subtable=\count90
\c@lotdepth=\count91

****************************************
* Local config file subfigure.cfg used *
****************************************
(/usr/share/texlive/texmf-dist/tex/latex/subfigure/subfigure.cfg)
\subfig@top=\skip47
\subfig@bottom=\skip48
)
(/usr/share/texlive/texmf-dist/tex/latex/graphics/epsfig.sty
Package: epsfig 1999/02/16 v1.7a (e)psfig emulation (SPQR)

(/usr/share/texlive/texmf-dist/tex/latex/graphics/graphicx.sty
Package: graphicx 1999/02/16 v1.0f Enhanced LaTeX Graphics (DPC,SPQR)

(/usr/share/texlive/texmf-dist/tex/latex/graphics/keyval.sty
Package: keyval 1999/03/16 v1.13 key=value parser (DPC)
\KV@toks@=\toks14
)
(/usr/share/texlive/texmf-dist/tex/latex/graphics/graphics.sty
Package: graphics 2009/02/05 v1.0o Standard LaTeX Graphics (DPC,SPQR)

(/usr/share/texlive/texmf-dist/tex/latex/graphics/trig.sty
Package: trig 1999/03/16 v1.09 sin cos tan (DPC)
)
(/usr/share/texlive/texmf-dist/tex/latex/latexconfig/graphics.cfg
File: graphics.cfg 2010/04/23 v1.9 graphics configuration of TeX Live
)
Package graphics Info: Driver file: pdftex.def on input line 91.

(/usr/share/texlive/texmf-dist/tex/latex/pdftex-def/pdftex.def
File: pdftex.def 2011/05/27 v0.06d Graphics/color for pdfTeX

(/usr/share/texlive/texmf-dist/tex/generic/oberdiek/infwarerr.sty
Package: infwarerr 2010/04/08 v1.3 Providing info/warning/error messages (HO)
)
(/usr/share/texlive/texmf-dist/tex/generic/oberdiek/ltxcmds.sty
Package: ltxcmds 2011/11/09 v1.22 LaTeX kernel commands for general use (HO)
)
\Gread@gobject=\count92
))
\Gin@req@height=\dimen105
\Gin@req@width=\dimen106
)
\epsfxsize=\dimen107
\epsfysize=\dimen108
)
(/usr/share/texlive/texmf-dist/tex/latex/amsmath/amstext.sty
Package: amstext 2000/06/29 v2.01

(/usr/share/texlive/texmf-dist/tex/latex/amsmath/amsgen.sty
File: amsgen.sty 1999/11/30 v2.0
\@emptytoks=\toks15
\ex@=\dimen109
)) (./floatfig.sty
*** FloatingFigure_Style Vers. 0.4, 08-MAY-1991, Kneser, GWDG ***
\figbox=\box26
\pagebox=\box27
\ffigcount=\count93
\fftest=\count94
\hangcount=\count95
\nosuccesstryfig=\count96
\figgutter=\dimen110
\htdone=\dimen111
\pageht=\dimen112
\startpageht=\dimen113
\outputpretest=\toks16
)
(/usr/share/texlive/texmf-dist/tex/latex/base/alltt.sty
Package: alltt 1997/06/16 v2.0g defines alltt environment
) (./fancyhdr.sty
\headwidth=\dimen114
)
(/usr/share/texlive/texmf-dist/tex/latex/setspace/setspace.sty
Package: setspace 2011/12/19 v6.7a set line spacing
)
(/usr/share/texlive/texmf-dist/tex/latex/amsmath/amsmath.sty
Package: amsmath 2013/01/14 v2.14 AMS math features
\@mathmargin=\skip49

For additional information on amsmath, use the `?' option.
(/usr/share/texlive/texmf-dist/tex/latex/amsmath/amsbsy.sty
Package: amsbsy 1999/11/29 v1.2d
\pmbraise@=\dimen115
)
(/usr/share/texlive/texmf-dist/tex/latex/amsmath/amsopn.sty
Package: amsopn 1999/12/14 v2.01 operator names
)
\inf@bad=\count97
LaTeX Info: Redefining \frac on input line 210.
\uproot@=\count98
\leftroot@=\count99
LaTeX Info: Redefining \overline on input line 306.
\classnum@=\count100
\DOTSCASE@=\count101
LaTeX Info: Redefining \ldots on input line 378.
LaTeX Info: Redefining \dots on input line 381.
LaTeX Info: Redefining \cdots on input line 466.
\Mathstrutbox@=\box28
\strutbox@=\box29
\big@size=\dimen116
LaTeX Font Info:    Redeclaring font encoding OML on input line 566.
LaTeX Font Info:    Redeclaring font encoding OMS on input line 567.
\macc@depth=\count102
\c@MaxMatrixCols=\count103
\dotsspace@=\muskip10
\c@parentequation=\count104
\dspbrk@lvl=\count105
\tag@help=\toks17
\row@=\count106
\column@=\count107
\maxfields@=\count108
\andhelp@=\toks18
\eqnshift@=\dimen117
\alignsep@=\dimen118
\tagshift@=\dimen119
\tagwidth@=\dimen120
\totwidth@=\dimen121
\lineht@=\dimen122
\@envbody=\toks19
\multlinegap=\skip50
\multlinetaggap=\skip51
\mathdisplay@stack=\toks20
LaTeX Info: Redefining \[ on input line 2665.
LaTeX Info: Redefining \] on input line 2666.
)
(/usr/share/texlive/texmf-dist/tex/latex/oberdiek/epstopdf.sty
Package: epstopdf 2010/02/09 v2.5 Conversion with epstopdf on the fly (HO)

(/usr/share/texlive/texmf-dist/tex/latex/oberdiek/epstopdf-base.sty
Package: epstopdf-base 2010/02/09 v2.5 Base part for package epstopdf

(/usr/share/texlive/texmf-dist/tex/latex/oberdiek/grfext.sty
Package: grfext 2010/08/19 v1.1 Manage graphics extensions (HO)

(/usr/share/texlive/texmf-dist/tex/generic/oberdiek/kvdefinekeys.sty
Package: kvdefinekeys 2011/04/07 v1.3 Define keys (HO)
))
(/usr/share/texlive/texmf-dist/tex/latex/oberdiek/kvoptions.sty
Package: kvoptions 2011/06/30 v3.11 Key value format for package options (HO)

(/usr/share/texlive/texmf-dist/tex/generic/oberdiek/kvsetkeys.sty
Package: kvsetkeys 2012/04/25 v1.16 Key value parser (HO)

(/usr/share/texlive/texmf-dist/tex/generic/oberdiek/etexcmds.sty
Package: etexcmds 2011/02/16 v1.5 Avoid name clashes with e-TeX commands (HO)

(/usr/share/texlive/texmf-dist/tex/generic/oberdiek/ifluatex.sty
Package: ifluatex 2010/03/01 v1.3 Provides the ifluatex switch (HO)
Package ifluatex Info: LuaTeX not detected.
)
Package etexcmds Info: Could not find \expanded.
(etexcmds)             That can mean that you are not using pdfTeX 1.50 or
(etexcmds)             that some package has redefined \expanded.
(etexcmds)             In the latter case, load this package earlier.
)))
(/usr/share/texlive/texmf-dist/tex/generic/oberdiek/pdftexcmds.sty
Package: pdftexcmds 2011/11/29 v0.20 Utility functions of pdfTeX for LuaTeX (HO
)

(/usr/share/texlive/texmf-dist/tex/generic/oberdiek/ifpdf.sty
Package: ifpdf 2011/01/30 v2.3 Provides the ifpdf switch (HO)
Package ifpdf Info: pdfTeX in PDF mode is detected.
)
Package pdftexcmds Info: LuaTeX not detected.
Package pdftexcmds Info: \pdf@primitive is available.
Package pdftexcmds Info: \pdf@ifprimitive is available.
Package pdftexcmds Info: \pdfdraftmode found.
)
Package grfext Info: Graphics extension search list:
(grfext)             [.png,.pdf,.jpg,.mps,.jpeg,.jbig2,.jb2,.PNG,.PDF,.JPG,.JPE
G,.JBIG2,.JB2,.eps]
(grfext)             \AppendGraphicsExtensions on input line 452.

(/usr/share/texlive/texmf-dist/tex/latex/latexconfig/epstopdf-sys.cfg
File: epstopdf-sys.cfg 2010/07/13 v1.3 Configuration of (r)epstopdf for TeX Liv
e
)))
(/usr/share/texlive/texmf-dist/tex/latex/float/float.sty
Package: float 2001/11/08 v1.3d Float enhancements (AL)
\c@float@type=\count109
\float@exts=\toks21
\float@box=\box30
\@float@everytoks=\toks22
\@floatcapt=\box31
)
\@input{macros.aux}
\openout2 = `macros.aux'.

No file macros.tex.
** Make sure \initfloatingfigs being called immediately
   after \begin{document} !! ** (./thesis.aux (./title.aux) (./abstract.aux)
(./chapter3.aux) (./chapter4.aux))
\openout1 = `thesis.aux'.

LaTeX Font Info:    Checking defaults for OML/cmm/m/it on input line 30.
LaTeX Font Info:    ... okay on input line 30.
LaTeX Font Info:    Checking defaults for T1/cmr/m/n on input line 30.
LaTeX Font Info:    ... okay on input line 30.
LaTeX Font Info:    Checking defaults for OT1/cmr/m/n on input line 30.
LaTeX Font Info:    ... okay on input line 30.
LaTeX Font Info:    Checking defaults for OMS/cmsy/m/n on input line 30.
LaTeX Font Info:    ... okay on input line 30.
LaTeX Font Info:    Checking defaults for OMX/cmex/m/n on input line 30.
LaTeX Font Info:    ... okay on input line 30.
LaTeX Font Info:    Checking defaults for U/cmr/m/n on input line 30.
LaTeX Font Info:    ... okay on input line 30.

(/usr/share/texlive/texmf-dist/tex/context/base/supp-pdf.mkii
[Loading MPS to PDF converter (version 2006.09.02).]
\scratchcounter=\count110
\scratchdimen=\dimen123
\scratchbox=\box32
\nofMPsegments=\count111
\nofMParguments=\count112
\everyMPshowfont=\toks23
\MPscratchCnt=\count113
\MPscratchDim=\dimen124
\MPnumerator=\count114
\makeMPintoPDFobject=\count115
\everyMPtoPDFconversion=\toks24
)
\openout2 = `title.aux'.

 (./title.tex
Package epstopdf Info: Source file: <crest.eps>
(epstopdf)                    date: 2015-07-30 14:17:32
(epstopdf)                    size: 124412 bytes
(epstopdf)             Output file: <crest-eps-converted-to.pdf>
(epstopdf)                    date: 2015-07-30 14:17:32
(epstopdf)                    size: 8639 bytes
(epstopdf)             Command: <repstopdf --outfile=crest-eps-converted-to.pdf
 crest.eps>
(epstopdf)             \includegraphics on input line 15.
Package epstopdf Info: Output file is already uptodate.
 <crest-eps-converted-to.pdf, id=1, 365.365pt x 368.37625pt>
File: crest-eps-converted-to.pdf Graphic file (type pdf)

<use crest-eps-converted-to.pdf>
Package pdftex.def Info: crest-eps-converted-to.pdf used on input line 15.
(pdftex.def)             Requested size: 146.1434pt x 147.34789pt.
) [1




{/var/lib/texmf/fonts/map/pdftex/updmap/pdftex.map} <./crest-eps-converted-to.p
df>]
\openout2 = `abstract.aux'.

 (./abstract.tex [1



]) [2]
\openout2 = `chapter3.aux'.


(./chapter3.tex
Chapter 1.
<a2hallsetup.png, id=26, 724.1454pt x 194.6472pt>
File: a2hallsetup.png Graphic file (type png)
 <use a2hallsetup.png>
Package pdftex.def Info: a2hallsetup.png used on input line 15.
(pdftex.def)             Requested size: 398.2812pt x 107.05627pt.

[1




] <rfm.png, id=31, 556.0775pt x 269.005pt>
File: rfm.png Graphic file (type png)
 <use rfm.png>
Package pdftex.def Info: rfm.png used on input line 31.
(pdftex.def)             Requested size: 305.84357pt x 147.9532pt.
 [2 <./a2hallsetup.png>] <HDSM.png, id=37, 1402.23875pt x 837.1275pt>
File: HDSM.png Graphic file (type png)
 <use HDSM.png>
Package pdftex.def Info: HDSM.png used on input line 41.
(pdftex.def)             Requested size: 350.55882pt x 209.28136pt.
 [3 <./rfm.png>] <mamifloor.jpg, id=42, 765.86125pt x 661.47125pt>
File: mamifloor.jpg Graphic file (type jpg)
 <use mamifloor.jpg>
Package pdftex.def Info: mamifloor.jpg used on input line 51.
(pdftex.def)             Requested size: 382.92969pt x 330.73482pt.
 [4 <./HDSM.png>] [5 <./mamifloor.jpg>] <GlaTagger.png, id=51, 367.3725pt x 311
.1625pt>
File: GlaTagger.png Graphic file (type png)

<use GlaTagger.png>
Package pdftex.def Info: GlaTagger.png used on input line 69.
(pdftex.def)             Requested size: 293.89838pt x 248.93034pt.
Missing character: There is no Ã in font cmr12!
Missing character: There is no ƒ in font cmr12!
Missing character: There is no â in font cmr12!
Missing character: There is no € in font cmr12!
Missing character: There is no ¢ in font cmr12!


LaTeX Warning: Citation `shall' on page 6 undefined on input line 80.

[6 <./GlaTagger.png (PNG copy)>] [7]
<naigeom.png, id=58, 577.15625pt x 338.26375pt>
File: naigeom.png Graphic file (type png)
 <use naigeom.png>
Package pdftex.def Info: naigeom.png used on input line 99.
(pdftex.def)             Requested size: 404.0066pt x 236.78299pt.
 [8] [9 <./naigeom.png>]
Missing character: There is no Ã in font cmr12!
Missing character: There is no ¢ in font cmr12!
Missing character: There is no â in font cmr12!
Missing character: There is no ‚ in font cmr12!
Missing character: There is no ¬ in font cmr12!
Missing character: There is no â in font cmr12!
Missing character: There is no € in font cmr12!
Missing character: There is no œ in font cmr12!
 [10] <mwpc.png, id=72, 247.92625pt x 143.53625pt>
File: mwpc.png Graphic file (type png)
 <use mwpc.png>
Package pdftex.def Info: mwpc.png used on input line 143.
(pdftex.def)             Requested size: 247.92564pt x 143.53589pt.

[11 <./mwpc.png>] <pidschematics.png, id=76, 750.805pt x 471.7625pt>
File: pidschematics.png Graphic file (type png)

<use pidschematics.png>
Package pdftex.def Info: pidschematics.png used on input line 162.
(pdftex.def)             Requested size: 375.40158pt x 235.88066pt.
Missing character: There is no ï in font cmr12!
Missing character: There is no ¿ in font cmr12!
Missing character: There is no ½ in font cmr12!
Missing character: There is no Ã in font cmr12!
Missing character: There is no ¢ in font cmr12!
 [12 <./pidschematics.png>]
<banana.png, id=80, 357.4956pt x 213.4374pt>
File: banana.png Graphic file (type png)
 <use banana.png>
Package pdftex.def Info: banana.png used on input line 176.
(pdftex.def)             Requested size: 285.99686pt x 170.75014pt.
Missing character: There is no Ã in font cmr12!
Missing character: There is no ¢ in font cmr12!
Missing character: There is no â in font cmr12!
Missing character: There is no ‚ in font cmr12!
Missing character: There is no ¬ in font cmr12!
Missing character: There is no â in font cmr12!
Missing character: There is no „ in font cmr12!
Missing character: There is no ¢ in font cmr12!
 [13 <./banana.png>] <taps.png, id=85, 292.09125pt x 248.93pt>
File: taps.png Graphic file (type png)
 <use taps.png>
Package pdftex.def Info: taps.png used on input line 193.
(pdftex.def)             Requested size: 408.92493pt x 348.4996pt.
Missing character: There is no Ã in font cmr12!
Missing character: There is no ¢ in font cmr12!
Missing character: There is no â in font cmr12!
Missing character: There is no ‚ in font cmr12!
Missing character: There is no ¬ in font cmr12!
Missing character: There is no â in font cmr12!
Missing character: There is no € in font cmr12!
Missing character: There is no œ in font cmr12!
 [14 <./taps.png>]
<tiniso.png, id=89, 371.3875pt x 313.17pt>
File: tiniso.png Graphic file (type png)
 <use tiniso.png>
Package pdftex.def Info: tiniso.png used on input line 214.
(pdftex.def)             Requested size: 297.1104pt x 250.53633pt.
 [15] [16 <./tiniso.png>] <cbelectronics.png, id=97, 429.605pt x 209.78375pt>
File: cbelectronics.png Graphic file (type png)

<use cbelectronics.png>
Package pdftex.def Info: cbelectronics.png used on input line 238.
(pdftex.def)             Requested size: 429.60394pt x 209.78322pt.

Overfull \hbox (17.03899pt too wide) in paragraph at lines 238--239
 [] 
 []

[17 <./cbelectronics.png>] [18]) [19]
\openout2 = `chapter4.aux'.

 (./chapter4.tex
Chapter 2.
[20



] <cbcluster.png, id=110, 180.675pt x 154.5775pt>
File: cbcluster.png Graphic file (type png)
 <use cbcluster.png>
Package pdftex.def Info: cbcluster.png used on input line 37.
(pdftex.def)             Requested size: 99.37154pt x 85.01787pt.

[21] [22 <./cbcluster.png>]
LaTeX Font Info:    Try loading font information for OMS+cmr on input line 56.

(/usr/share/texlive/texmf-dist/tex/latex/base/omscmr.fd
File: omscmr.fd 1999/05/25 v2.5h Standard LaTeX font definitions
)
LaTeX Font Info:    Font shape `OMS/cmr/m/n' in size <12> not available
(Font)              Font shape `OMS/cmsy/m/n' tried instead on input line 56.
 [23]
<cbtimewalk.png, id=121, 385.44pt x 199.74625pt>
File: cbtimewalk.png Graphic file (type png)
 <use cbtimewalk.png>
Package pdftex.def Info: cbtimewalk.png used on input line 85.
(pdftex.def)             Requested size: 211.99265pt x 109.86076pt.
 [24 <./cbtimewalk.png>] <pidphi.png, id=126, 449.68pt x 571.13374pt>
File: pidphi.png Graphic file (type png)
 <use pidphi.png>
Package pdftex.def Info: pidphi.png used on input line 101.
(pdftex.def)             Requested size: 247.32475pt x 314.12453pt.

<pidcali4.png, id=127, 698.61pt x 473.77pt>
File: pidcali4.png Graphic file (type png)
 <use pidcali4.png>
Package pdftex.def Info: pidcali4.png used on input line 109.
(pdftex.def)             Requested size: 279.43904pt x 189.50464pt.
 [25 <./pidphi.png>] <bananacali.png, id=131, 464.73625pt x 285.065pt>
File: bananacali.png Graphic file (type png)
 <use bananacali.png>
Package pdftex.def Info: bananacali.png used on input line 121.
(pdftex.def)             Requested size: 278.84389pt x 171.04031pt.

[26 <./pidcali4.png>] <bananagaus.png, id=135, 890.32625pt x 303.1325pt>
File: bananagaus.png Graphic file (type png)

<use bananagaus.png>
Package pdftex.def Info: bananagaus.png used on input line 129.
(pdftex.def)             Requested size: 445.16203pt x 151.56587pt.

Overfull \hbox (32.59708pt too wide) in paragraph at lines 129--130
 [] 
 []

[27 <./bananacali.png> <./bananagaus.png>]
<pidtdcgaus.png, id=139, 538.01pt x 495.8525pt>
File: pidtdcgaus.png Graphic file (type png)
 <use pidtdcgaus.png>
Package pdftex.def Info: pidtdcgaus.png used on input line 145.
(pdftex.def)             Requested size: 215.20018pt x 198.33748pt.

<pidtdcgaus16.png, id=140, 538.01pt x 481.8pt>
File: pidtdcgaus16.png Graphic file (type png)
 <use pidtdcgaus16.png>
Package pdftex.def Info: pidtdcgaus16.png used on input line 153.
(pdftex.def)             Requested size: 215.20018pt x 192.71658pt.
 [28 <./pidtdcgaus.png>] <pidtdcoffset.png, id=145, 536.0025pt x 320.19624pt>
File: pidtdcoffset.png Graphic file (type png)

<use pidtdcoffset.png>
Package pdftex.def Info: pidtdcoffset.png used on input line 177.
(pdftex.def)             Requested size: 294.80228pt x 176.10846pt.
 [29 <./pidtdcgaus16.png> <./pidtdcoffset.png>]) [30]
(./thesis.bbl
Missing character: There is no ï in font cmr10!
Missing character: There is no ¿ in font cmr10!
Missing character: There is no ½ in font cmr10!
 [31


]) [32] (./thesis.aux (./title.aux) (./abstract.aux)
(./chapter3.aux) (./chapter4.aux))

LaTeX Warning: There were undefined references.

 ) 
Here is how much of TeX's memory you used:
 2774 strings out of 495028
 37070 string characters out of 6181497
 96299 words of memory out of 5000000
 5889 multiletter control sequences out of 15000+600000
 11966 words of font info for 42 fonts, out of 8000000 for 9000
 14 hyphenation exceptions out of 8191
 42i,11n,40p,1416b,341s stack positions out of 5000i,500n,10000p,200000b,80000s
</usr/share/texlive/texmf-dist/fonts/type1/public/amsfonts/cm/cmbx12.pfb></us
r/share/texlive/texmf-dist/fonts/type1/public/amsfonts/cm/cmex10.pfb></usr/shar
e/texlive/texmf-dist/fonts/type1/public/amsfonts/cm/cmmi10.pfb></usr/share/texl
ive/texmf-dist/fonts/type1/public/amsfonts/cm/cmmi12.pfb></usr/share/texlive/te
xmf-dist/fonts/type1/public/amsfonts/cm/cmmi6.pfb></usr/share/texlive/texmf-dis
t/fonts/type1/public/amsfonts/cm/cmmi8.pfb></usr/share/texlive/texmf-dist/fonts
/type1/public/amsfonts/cm/cmr10.pfb></usr/share/texlive/texmf-dist/fonts/type1/
public/amsfonts/cm/cmr12.pfb></usr/share/texlive/texmf-dist/fonts/type1/public/
amsfonts/cm/cmr6.pfb></usr/share/texlive/texmf-dist/fonts/type1/public/amsfonts
/cm/cmr8.pfb></usr/share/texlive/texmf-dist/fonts/type1/public/amsfonts/cm/cmsl
10.pfb></usr/share/texlive/texmf-dist/fonts/type1/public/amsfonts/cm/cmsy10.pfb
></usr/share/texlive/texmf-dist/fonts/type1/public/amsfonts/cm/cmsy6.pfb></usr/
share/texlive/texmf-dist/fonts/type1/public/amsfonts/cm/cmsy8.pfb></usr/share/t
exlive/texmf-dist/fonts/type1/public/amsfonts/cm/cmti10.pfb></usr/share/texlive
/texmf-dist/fonts/type1/public/amsfonts/cm/cmti12.pfb>
Output written on thesis.pdf (35 pages, 2770052 bytes).
PDF statistics:
 213 PDF objects out of 1000 (max. 8388607)
 131 compressed objects within 2 object streams
 0 named destinations out of 1000 (max. 500000)
 111 words of extra memory for PDF output out of 10000 (max. 10000000)

